[    0.000000] Initializing cgroup subsys cpuset
[    0.000000] Initializing cgroup subsys cpu
[    0.000000] Initializing cgroup subsys cpuacct
[    0.000000] Linux version 4.4.0-176-generic (buildd@lgw01-amd64-035) (gcc version 5.4.0 20160609 (Ubuntu 5.4.0-6ubuntu1~16.04.12) ) #206-Ubuntu SMP Fri Feb 28 05:02:04 UTC 2020 (Ubuntu 4.4.0-176.206-generic 4.4.211)
[    0.000000] Command line: BOOT_IMAGE=/boot/vmlinuz-4.4.0-176-generic root=LABEL=cloudimg-rootfs ro console=tty1 console=ttyS0
[    0.000000] KERNEL supported cpus:
[    0.000000]   Intel GenuineIntel
[    0.000000]   AMD AuthenticAMD
[    0.000000]   Centaur CentaurHauls
[    0.000000] x86/fpu: xstate_offset[2]:  576, xstate_sizes[2]:  256
[    0.000000] x86/fpu: Supporting XSAVE feature 0x01: 'x87 floating point registers'
[    0.000000] x86/fpu: Supporting XSAVE feature 0x02: 'SSE registers'
[    0.000000] x86/fpu: Supporting XSAVE feature 0x04: 'AVX registers'
[    0.000000] x86/fpu: Enabled xstate features 0x7, context size is 832 bytes, using 'standard' format.
[    0.000000] e820: BIOS-provided physical RAM map:
[    0.000000] BIOS-e820: [mem 0x0000000000000000-0x000000000009fbff] usable
[    0.000000] BIOS-e820: [mem 0x000000000009fc00-0x000000000009ffff] reserved
[    0.000000] BIOS-e820: [mem 0x00000000000f0000-0x00000000000fffff] reserved
[    0.000000] BIOS-e820: [mem 0x0000000000100000-0x000000003ffeffff] usable
[    0.000000] BIOS-e820: [mem 0x000000003fff0000-0x000000003fffffff] ACPI data
[    0.000000] BIOS-e820: [mem 0x00000000fec00000-0x00000000fec00fff] reserved
[    0.000000] BIOS-e820: [mem 0x00000000fee00000-0x00000000fee00fff] reserved
[    0.000000] BIOS-e820: [mem 0x00000000fffc0000-0x00000000ffffffff] reserved
[    0.000000] NX (Execute Disable) protection: active
[    0.000000] SMBIOS 2.5 present.
[    0.000000] Hypervisor detected: KVM
[    0.000000] e820: last_pfn = 0x3fff0 max_arch_pfn = 0x400000000
[    0.000000] MTRR: Disabled
[    0.000000] x86/PAT: MTRRs disabled, skipping PAT initialization too.
[    0.000000] CPU MTRRs all blank - virtualized system.
[    0.000000] x86/PAT: Configuration [0-7]: WB  WT  UC- UC  WB  WT  UC- UC  
[    0.000000] found SMP MP-table at [mem 0x0009fff0-0x0009ffff] mapped at [ffff88000009fff0]
[    0.000000] Scanning 1 areas for low memory corruption
[    0.000000] RAMDISK: [mem 0x362de000-0x37166fff]
[    0.000000] ACPI: Early table checksum verification disabled
[    0.000000] ACPI: RSDP 0x00000000000E0000 000024 (v02 VBOX  )
[    0.000000] ACPI: XSDT 0x000000003FFF0030 00003C (v01 VBOX   VBOXXSDT 00000001 ASL  00000061)
[    0.000000] ACPI: FACP 0x000000003FFF00F0 0000F4 (v04 VBOX   VBOXFACP 00000001 ASL  00000061)
[    0.000000] ACPI: DSDT 0x000000003FFF0470 002325 (v02 VBOX   VBOXBIOS 00000002 INTL 20100528)
[    0.000000] ACPI: FACS 0x000000003FFF0200 000040
[    0.000000] ACPI: FACS 0x000000003FFF0200 000040
[    0.000000] ACPI: APIC 0x000000003FFF0240 00005C (v02 VBOX   VBOXAPIC 00000001 ASL  00000061)
[    0.000000] ACPI: SSDT 0x000000003FFF02A0 0001CC (v01 VBOX   VBOXCPUT 00000002 INTL 20100528)
[    0.000000] No NUMA configuration found
[    0.000000] Faking a node at [mem 0x0000000000000000-0x000000003ffeffff]
[    0.000000] NODE_DATA(0) allocated [mem 0x3ffeb000-0x3ffeffff]
[    0.000000] kvm-clock: Using msrs 4b564d01 and 4b564d00
[    0.000000] kvm-clock: cpu 0, msr 0:3ffe3001, primary cpu clock
[    0.000000] kvm-clock: using sched offset of 3829617074 cycles
[    0.000000] clocksource: kvm-clock: mask: 0xffffffffffffffff max_cycles: 0x1cd42e4dffb, max_idle_ns: 881590591483 ns
[    0.000000] Zone ranges:
[    0.000000]   DMA      [mem 0x0000000000001000-0x0000000000ffffff]
[    0.000000]   DMA32    [mem 0x0000000001000000-0x000000003ffeffff]
[    0.000000]   Normal   empty
[    0.000000]   Device   empty
[    0.000000] Movable zone start for each node
[    0.000000] Early memory node ranges
[    0.000000]   node   0: [mem 0x0000000000001000-0x000000000009efff]
[    0.000000]   node   0: [mem 0x0000000000100000-0x000000003ffeffff]
[    0.000000] Initmem setup node 0 [mem 0x0000000000001000-0x000000003ffeffff]
[    0.000000] ACPI: PM-Timer IO Port: 0x4008
[    0.000000] IOAPIC[0]: apic_id 2, version 32, address 0xfec00000, GSI 0-23
[    0.000000] ACPI: INT_SRC_OVR (bus 0 bus_irq 0 global_irq 2 dfl dfl)
[    0.000000] ACPI: INT_SRC_OVR (bus 0 bus_irq 9 global_irq 9 low level)
[    0.000000] Using ACPI (MADT) for SMP configuration information
[    0.000000] smpboot: Allowing 2 CPUs, 0 hotplug CPUs
[    0.000000] PM: Registered nosave memory: [mem 0x00000000-0x00000fff]
[    0.000000] PM: Registered nosave memory: [mem 0x0009f000-0x0009ffff]
[    0.000000] PM: Registered nosave memory: [mem 0x000a0000-0x000effff]
[    0.000000] PM: Registered nosave memory: [mem 0x000f0000-0x000fffff]
[    0.000000] e820: [mem 0x40000000-0xfebfffff] available for PCI devices
[    0.000000] Booting paravirtualized kernel on KVM
[    0.000000] clocksource: refined-jiffies: mask: 0xffffffff max_cycles: 0xffffffff, max_idle_ns: 7645519600211568 ns
[    0.000000] setup_percpu: NR_CPUS:512 nr_cpumask_bits:512 nr_cpu_ids:2 nr_node_ids:1
[    0.000000] PERCPU: Embedded 33 pages/cpu @ffff88003fc00000 s95448 r8192 d31528 u1048576
[    0.000000] Built 1 zonelists in Node order, mobility grouping on.  Total pages: 257912
[    0.000000] Policy zone: DMA32
[    0.000000] Kernel command line: BOOT_IMAGE=/boot/vmlinuz-4.4.0-176-generic root=LABEL=cloudimg-rootfs ro console=tty1 console=ttyS0
[    0.000000] PID hash table entries: 4096 (order: 3, 32768 bytes)
[    0.000000] Memory: 997668K/1048120K available (8626K kernel code, 1336K rwdata, 4032K rodata, 1488K init, 1292K bss, 50452K reserved, 0K cma-reserved)
[    0.000000] SLUB: HWalign=64, Order=0-3, MinObjects=0, CPUs=2, Nodes=1
[    0.000000] Kernel/User page tables isolation: enabled
[    0.000000] Hierarchical RCU implementation.
[    0.000000] 	Build-time adjustment of leaf fanout to 64.
[    0.000000] 	RCU restricting CPUs from NR_CPUS=512 to nr_cpu_ids=2.
[    0.000000] RCU: Adjusting geometry for rcu_fanout_leaf=64, nr_cpu_ids=2
[    0.000000] NR_IRQS:33024 nr_irqs:440 16
[    0.000000] Console: colour VGA+ 80x25
[    0.000000] console [tty1] enabled
[    0.000000] console [ttyS0] enabled
[    0.000000] tsc: Detected 2207.998 MHz processor
[    0.276261] Calibrating delay loop (skipped) preset value.. 4415.99 BogoMIPS (lpj=8831992)
[    0.279675] pid_max: default: 32768 minimum: 301
[    0.281409] ACPI: Core revision 20150930
[    0.286619] ACPI: 2 ACPI AML tables successfully acquired and loaded
[    0.289162] Security Framework initialized
[    0.290795] Yama: becoming mindful.
[    0.292377] AppArmor: AppArmor initialized
[    0.294220] Dentry cache hash table entries: 131072 (order: 8, 1048576 bytes)
[    0.303791] Inode-cache hash table entries: 65536 (order: 7, 524288 bytes)
[    0.306286] Mount-cache hash table entries: 2048 (order: 2, 16384 bytes)
[    0.308663] Mountpoint-cache hash table entries: 2048 (order: 2, 16384 bytes)
[    0.311334] Initializing cgroup subsys io
[    0.312942] Initializing cgroup subsys memory
[    0.314647] Initializing cgroup subsys devices
[    0.316538] Initializing cgroup subsys freezer
[    0.318203] Initializing cgroup subsys net_cls
[    0.319931] Initializing cgroup subsys perf_event
[    0.321732] Initializing cgroup subsys net_prio
[    0.323521] Initializing cgroup subsys hugetlb
[    0.325256] Initializing cgroup subsys pids
[    0.328403] mce: CPU supports 0 MCE banks
[    0.330076] Last level iTLB entries: 4KB 64, 2MB 8, 4MB 8
[    0.332051] Last level dTLB entries: 4KB 64, 2MB 0, 4MB 0, 1GB 4
[    0.334280] Spectre V1 : Mitigation: usercopy/swapgs barriers and __user pointer sanitization
[    0.337669] Spectre V2 : Mitigation: Full generic retpoline
[    0.339730] Spectre V2 : Spectre v2 / SpectreRSB mitigation: Filling RSB on context switch
[    0.342950] Speculative Store Bypass: Vulnerable
[    0.344890] MDS: Vulnerable: Clear CPU buffers attempted, no microcode
[    0.352014] Freeing SMP alternatives memory: 36K
[    0.364064] ftrace: allocating 32305 entries in 127 pages
[    0.469726] smpboot: APIC(0) Converting physical 0 to logical package 0
[    0.472144] smpboot: Max logical packages: 1
[    0.474391] x2apic enabled
[    0.476178] Switched APIC routing to physical x2apic.
[    0.480291] ..TIMER: vector=0x30 apic1=0 pin1=2 apic2=-1 pin2=-1
[    0.590670] smpboot: CPU0: Intel(R) Core(TM) i7-8750H CPU @ 2.20GHz (family: 0x6, model: 0x9e, stepping: 0xa)
[    0.594928] Performance Events: unsupported p6 CPU model 158 no PMU driver, software events only.
[    0.613324] KVM setup paravirtual spinlock
[    0.615969] x86: Booting SMP configuration:
[    0.617664] .... node  #0, CPUs:      #1
[    0.619400] kvm-clock: cpu 1, msr 0:3ffe3041, secondary cpu clock
[    0.622368] mce: CPU supports 0 MCE banks
[    0.625327] x86: Booted up 1 node, 2 CPUs
[    0.627563] smpboot: Total of 2 processors activated (8831.99 BogoMIPS)
[    0.630601] devtmpfs: initialized
[    0.634060] evm: security.selinux
[    0.635630] evm: security.SMACK64
[    0.637070] evm: security.SMACK64EXEC
[    0.638642] evm: security.SMACK64TRANSMUTE
[    0.640306] evm: security.SMACK64MMAP
[    0.641863] evm: security.ima
[    0.643245] evm: security.capability
[    0.645098] clocksource: jiffies: mask: 0xffffffff max_cycles: 0xffffffff, max_idle_ns: 7645041785100000 ns
[    0.648894] futex hash table entries: 512 (order: 3, 32768 bytes)
[    0.651354] pinctrl core: initialized pinctrl subsystem
[    0.653456] RTC time: 14:53:12, date: 04/07/20
[    0.655600] NET: Registered protocol family 16
[    0.666981] cpuidle: using governor ladder
[    0.679721] cpuidle: using governor menu
[    0.681305] PCCT header not found.
[    0.682877] ACPI: bus type PCI registered
[    0.684520] acpiphp: ACPI Hot Plug PCI Controller Driver version: 0.5
[    0.686979] PCI: Using configuration type 1 for base access
[    0.700461] ACPI: Added _OSI(Module Device)
[    0.702252] ACPI: Added _OSI(Processor Device)
[    0.704695] ACPI: Added _OSI(3.0 _SCP Extensions)
[    0.706629] ACPI: Added _OSI(Processor Aggregator Device)
[    0.709688] ACPI: Executed 1 blocks of module-level executable AML code
[    0.716016] ACPI: Interpreter enabled
[    0.717559] ACPI: (supports S0 S5)
[    0.719029] ACPI: Using IOAPIC for interrupt routing
[    0.721184] PCI: Using host bridge windows from ACPI; if necessary, use "pci=nocrs" and report a bug
[    0.730994] ACPI: PCI Root Bridge [PCI0] (domain 0000 [bus 00-ff])
[    0.733308] acpi PNP0A03:00: _OSC: OS supports [ASPM ClockPM Segments MSI]
[    0.736404] acpi PNP0A03:00: _OSC: not requesting OS control; OS requires [ExtendedConfig ASPM ClockPM MSI]
[    0.740088] acpi PNP0A03:00: fail to add MMCONFIG information, can't access extended PCI configuration space under this bridge.
[    0.744963] PCI host bridge to bus 0000:00
[    0.746688] pci_bus 0000:00: root bus resource [io  0x0000-0x0cf7 window]
[    0.749029] pci_bus 0000:00: root bus resource [io  0x0d00-0xffff window]
[    0.751569] pci_bus 0000:00: root bus resource [mem 0x000a0000-0x000bffff window]
[    0.754555] pci_bus 0000:00: root bus resource [mem 0x40000000-0xfdffffff window]
[    0.757716] pci_bus 0000:00: root bus resource [bus 00-ff]
[    0.762823] pci 0000:00:01.1: legacy IDE quirk: reg 0x10: [io  0x01f0-0x01f7]
[    0.765367] pci 0000:00:01.1: legacy IDE quirk: reg 0x14: [io  0x03f6]
[    0.767880] pci 0000:00:01.1: legacy IDE quirk: reg 0x18: [io  0x0170-0x0177]
[    0.770458] pci 0000:00:01.1: legacy IDE quirk: reg 0x1c: [io  0x0376]
[    0.808718] pci 0000:00:07.0: quirk: [io  0x4000-0x403f] claimed by PIIX4 ACPI
[    0.811682] pci 0000:00:07.0: quirk: [io  0x4100-0x410f] claimed by PIIX4 SMB
[    0.820160] ACPI: PCI Interrupt Link [LNKA] (IRQs 5 9 10 *11)
[    0.823503] ACPI: PCI Interrupt Link [LNKB] (IRQs 5 9 *10 11)
[    0.826606] ACPI: PCI Interrupt Link [LNKC] (IRQs 5 *9 10 11)
[    0.829911] ACPI: PCI Interrupt Link [LNKD] (IRQs 5 9 10 *11)
[    0.832978] ACPI: Enabled 2 GPEs in block 00 to 07
[    0.835408] vgaarb: setting as boot device: PCI:0000:00:02.0
[    0.837959] vgaarb: device added: PCI:0000:00:02.0,decodes=io+mem,owns=io+mem,locks=none
[    0.841181] vgaarb: loaded
[    0.842566] vgaarb: bridge control possible 0000:00:02.0
[    0.844875] SCSI subsystem initialized
[    0.846672] ACPI: bus type USB registered
[    0.848412] usbcore: registered new interface driver usbfs
[    0.850431] usbcore: registered new interface driver hub
[    0.852663] usbcore: registered new device driver usb
[    0.855021] PCI: Using ACPI for IRQ routing
[    0.862575] NetLabel: Initializing
[    0.863928] NetLabel:  domain hash size = 128
[    0.865519] NetLabel:  protocols = UNLABELED CIPSOv4
[    0.867290] NetLabel:  unlabeled traffic allowed by default
[    0.869409] amd_nb: Cannot enumerate AMD northbridges
[    0.871314] clocksource: Switched to clocksource kvm-clock
[    0.894816] AppArmor: AppArmor Filesystem Enabled
[    0.896797] pnp: PnP ACPI init
[    0.899588] pnp: PnP ACPI: found 3 devices
[    0.913132] clocksource: acpi_pm: mask: 0xffffff max_cycles: 0xffffff, max_idle_ns: 2085701024 ns
[    0.916568] NET: Registered protocol family 2
[    0.918504] TCP established hash table entries: 8192 (order: 4, 65536 bytes)
[    0.921123] TCP bind hash table entries: 8192 (order: 5, 131072 bytes)
[    0.923370] TCP: Hash tables configured (established 8192 bind 8192)
[    0.925630] UDP hash table entries: 512 (order: 2, 16384 bytes)
[    0.927840] UDP-Lite hash table entries: 512 (order: 2, 16384 bytes)
[    0.930150] NET: Registered protocol family 1
[    0.931888] pci 0000:00:00.0: Limiting direct PCI/PCI transfers
[    0.934118] pci 0000:00:01.0: Activating ISA DMA hang workarounds
[    0.936541] Unpacking initramfs...
[    1.385795] Freeing initrd memory: 14884K
[    1.387621] clocksource: tsc: mask: 0xffffffffffffffff max_cycles: 0x1fd3b6211b4, max_idle_ns: 440795230313 ns
[    1.391296] platform rtc_cmos: registered platform RTC device (no PNP device found)
[    1.394500] Scanning for low memory corruption every 60 seconds
[    1.397258] audit: initializing netlink subsys (disabled)
[    1.399279] audit: type=2000 audit(1586271198.568:1): initialized
[    1.401880] Initialise system trusted keyring
[    1.403878] HugeTLB registered 2 MB page size, pre-allocated 0 pages
[    1.408042] zbud: loaded
[    1.409896] VFS: Disk quotas dquot_6.6.0
[    1.411534] VFS: Dquot-cache hash table entries: 512 (order 0, 4096 bytes)
[    1.414331] squashfs: version 4.0 (2009/01/31) Phillip Lougher
[    1.416956] fuse init (API version 7.23)
[    1.418690] Key type big_key registered
[    1.420324] Allocating IMA MOK and blacklist keyrings.
[    1.424863] Key type asymmetric registered
[    1.426503] Asymmetric key parser 'x509' registered
[    1.428514] Block layer SCSI generic (bsg) driver version 0.4 loaded (major 249)
[    1.431794] io scheduler noop registered
[    1.433396] io scheduler deadline registered (default)
[    1.435463] io scheduler cfq registered
[    1.437255] pci_hotplug: PCI Hot Plug PCI Core version: 0.5
[    1.439360] pciehp: PCI Express Hot Plug Controller Driver version: 0.4
[    1.441917] ACPI: AC Adapter [AC] (on-line)
[    1.443791] input: Power Button as /devices/LNXSYSTM:00/LNXPWRBN:00/input/input0
[    1.446953] ACPI: Power Button [PWRF]
[    1.448626] input: Sleep Button as /devices/LNXSYSTM:00/LNXSLPBN:00/input/input1
[    1.451841] ACPI: Sleep Button [SLPF]
[    1.453788] GHES: HEST is not enabled!
[    1.455569] Serial: 8250/16550 driver, 32 ports, IRQ sharing enabled
[    1.456541] ACPI: Battery Slot [BAT0] (battery present)
[    1.480842] 00:02: ttyS0 at I/O 0x3f8 (irq = 4, base_baud = 115200) is a 16550A
[    1.485229] Linux agpgart interface v0.103
[    1.489270] loop: module loaded
[    1.491574] scsi host0: ata_piix
[    1.493243] scsi host1: ata_piix
[    1.494739] ata1: PATA max UDMA/33 cmd 0x1f0 ctl 0x3f6 bmdma 0xd000 irq 14
[    1.497403] ata2: PATA max UDMA/33 cmd 0x170 ctl 0x376 bmdma 0xd008 irq 15
[    1.500317] libphy: Fixed MDIO Bus: probed
[    1.502074] tun: Universal TUN/TAP device driver, 1.6
[    1.504096] tun: (C) 1999-2004 Max Krasnyansky <maxk@qualcomm.com>
[    1.506503] PPP generic driver version 2.4.2
[    1.508359] ehci_hcd: USB 2.0 'Enhanced' Host Controller (EHCI) Driver
[    1.510672] ehci-pci: EHCI PCI platform driver
[    1.512433] ehci-platform: EHCI generic platform driver
[    1.514524] ohci_hcd: USB 1.1 'Open' Host Controller (OHCI) Driver
[    1.516753] ohci-pci: OHCI PCI platform driver
[    1.518540] ohci-platform: OHCI generic platform driver
[    1.520534] uhci_hcd: USB Universal Host Controller Interface driver
[    1.523039] i8042: PNP: PS/2 Controller [PNP0303:PS2K,PNP0f03:PS2M] at 0x60,0x64 irq 1,12
[    1.526956] serio: i8042 KBD port at 0x60,0x64 irq 1
[    1.528969] serio: i8042 AUX port at 0x60,0x64 irq 12
[    1.531049] mousedev: PS/2 mouse device common for all mice
[    1.533754] rtc_cmos rtc_cmos: rtc core: registered rtc_cmos as rtc0
[    1.536260] rtc_cmos rtc_cmos: alarms up to one day, 114 bytes nvram
[    1.538579] i2c /dev entries driver
[    1.540194] input: AT Translated Set 2 keyboard as /devices/platform/i8042/serio0/input/input2
[    1.543687] device-mapper: uevent: version 1.0.3
[    1.545558] device-mapper: ioctl: 4.34.0-ioctl (2015-10-28) initialised: dm-devel@redhat.com
[    1.548900] ledtrig-cpu: registered to indicate activity on CPUs
[    1.551776] NET: Registered protocol family 10
[    1.553936] NET: Registered protocol family 17
[    1.555713] Key type dns_resolver registered
[    1.557964] registered taskstats version 1
[    1.559594] Loading compiled-in X.509 certificates
[    1.562266] Loaded X.509 cert 'Build time autogenerated kernel key: c2b7431ed9258328a3a0cf301f850647788d8e61'
[    1.566095] zswap: loaded using pool lzo/zbud
[    1.570343] Key type trusted registered
[    1.576648] Key type encrypted registered
[    1.578373] AppArmor: AppArmor sha1 policy hashing enabled
[    1.580409] ima: No TPM chip found, activating TPM-bypass!
[    1.582362] ima: Allocated hash algorithm: sha1
[    1.584189] evm: HMAC attrs: 0x1
[    1.586041]   Magic number: 0:337:889
[    1.587792] rtc_cmos rtc_cmos: setting system clock to 2020-04-07 14:53:13 UTC (1586271193)
[    1.591209] BIOS EDD facility v0.16 2004-Jun-25, 0 devices found
[    1.593423] EDD information not available.
[    1.682038] Freeing unused kernel memory: 1488K
[    1.683737] Write protecting the kernel read-only data: 14336k
[    1.686549] Freeing unused kernel memory: 1604K
[    1.688692] Freeing unused kernel memory: 64K
Loading, please wait...
starting version 229
[    1.709495] random: systemd-udevd: uninitialized urandom read (16 bytes read, 3 bits of entropy available)
[    1.710228] random: udevadm: uninitialized urandom read (16 bytes read, 3 bits of entropy available)
[    1.710252] random: udevadm: uninitialized urandom read (16 bytes read, 3 bits of entropy available)
[    1.720757] random: systemd-udevd: uninitialized urandom read (16 bytes read, 3 bits of entropy available)
[    1.721889] random: udevadm: uninitialized urandom read (16 bytes read, 3 bits of entropy available)
[    1.721944] random: udevadm: uninitialized urandom read (16 bytes read, 3 bits of entropy available)
[    1.722168] random: udevadm: uninitialized urandom read (16 bytes read, 3 bits of entropy available)
[    1.722242] random: udevadm: uninitialized urandom read (16 bytes read, 3 bits of entropy available)
[    1.722312] random: udevadm: uninitialized urandom read (16 bytes read, 3 bits of entropy available)
[    1.722381] random: udevadm: uninitialized urandom read (16 bytes read, 3 bits of entropy available)
[    1.783318] Fusion MPT base driver 3.04.20
[    1.785136] Copyright (c) 1999-2008 LSI Corporation
[    1.792576] e1000: Intel(R) PRO/1000 Network Driver - version 7.3.21-k8-NAPI
[    1.794905] e1000: Copyright (c) 1999-2006 Intel Corporation.
[    1.804954] Fusion MPT SPI Host driver 3.04.20
[    1.814858] AVX2 version of gcm_enc/dec engaged.
[    1.816779] AES CTR mode by8 optimization enabled
[    1.997147] input: ImExPS/2 Generic Explorer Mouse as /devices/platform/i8042/serio1/input/input4
[    2.403428] e1000 0000:00:03.0 eth0: (PCI:33MHz:32-bit) 02:85:ff:9d:c0:81
[    2.405822] e1000 0000:00:03.0 eth0: Intel(R) PRO/1000 Network Connection
[    2.409587] mptbase: ioc0: Initiating bringup
[    2.409701] e1000 0000:00:03.0 enp0s3: renamed from eth0
[    2.475726] ioc0: LSI53C1030 A0: Capabilities={Initiator}
[    2.640379] scsi host2: ioc0: LSI53C1030 A0, FwRev=00000000h, Ports=1, MaxQ=256, IRQ=20
[    2.756742] scsi 2:0:0:0: Direct-Access     VBOX     HARDDISK         1.0  PQ: 0 ANSI: 5
[    2.759860] scsi target2:0:0: Beginning Domain Validation
[    2.765327] scsi target2:0:0: Domain Validation skipping write tests
[    2.767813] scsi target2:0:0: Ending Domain Validation
[    2.770047] scsi target2:0:0: asynchronous
[    2.773229] scsi 2:0:1:0: Direct-Access     VBOX     HARDDISK         1.0  PQ: 0 ANSI: 5
[    2.776590] scsi target2:0:1: Beginning Domain Validation
[    2.782296] scsi target2:0:1: Domain Validation skipping write tests
[    2.784781] scsi target2:0:1: Ending Domain Validation
[    2.787180] scsi target2:0:1: asynchronous
[    2.823682] sd 2:0:0:0: Attached scsi generic sg0 type 0
[    2.825858] sd 2:0:0:0: [sda] 20971520 512-byte logical blocks: (10.7 GB/10.0 GiB)
[    2.826627] sd 2:0:1:0: [sdb] 20480 512-byte logical blocks: (10.5 MB/10.0 MiB)
[    2.827007] sd 2:0:1:0: [sdb] Write Protect is off
[    2.827225] sd 2:0:1:0: [sdb] Incomplete mode parameter data
[    2.827227] sd 2:0:1:0: [sdb] Assuming drive cache: write through
[    2.838711] sd 2:0:1:0: Attached scsi generic sg1 type 0
[    2.841058] sd 2:0:0:0: [sda] Write Protect is off
[    2.843455] sd 2:0:0:0: [sda] Incomplete mode parameter data
[    2.844786] sd 2:0:1:0: [sdb] Attached SCSI disk
[    2.847477] sd 2:0:0:0: [sda] Assuming drive cache: write through
[    2.852622]  sda: sda1
[    2.855729] sd 2:0:0:0: [sda] Attached SCSI disk
Begin: Loading essential drivers ... [    4.552656] md: linear personality registered for level -1
[    4.557720] md: multipath personality registered for level -4
[    4.562801] md: raid0 personality registered for level 0
[    4.570198] md: raid1 personality registered for level 1
[    4.643554] raid6: sse2x1   gen()  7453 MB/s
[    4.711391] raid6: sse2x1   xor()  5614 MB/s
[    4.779712] raid6: sse2x2   gen()  9199 MB/s
[    4.847503] raid6: sse2x2   xor()  6415 MB/s
[    4.915374] raid6: sse2x4   gen() 10535 MB/s
[    4.983692] raid6: sse2x4   xor()  7367 MB/s
[    5.051519] raid6: avx2x1   gen() 14813 MB/s
[    5.119398] raid6: avx2x2   gen() 17015 MB/s
[    5.187682] raid6: avx2x4   gen() 18638 MB/s
[    5.189337] raid6: using algorithm avx2x4 gen() 18638 MB/s
[    5.191337] raid6: using avx2x2 recovery algorithm
[    5.194931] xor: automatically using best checksumming function:
[    5.235934]    avx       : 15492.000 MB/sec
[    5.239303] async_tx: api initialized (async)
[    5.255601] md: raid6 personality registered for level 6
[    5.257693] md: raid5 personality registered for level 5
[    5.259693] md: raid4 personality registered for level 4
[    5.270994] md: raid10 personality registered for level 10
done.
Begin: Running /scripts/init-premount ... done.
Begin: Mounting root file system ... Begin: Running /scripts/local-top ... done.
Begin: Running /scripts/local-premount ... [    5.318973] Btrfs loaded
Scanning for Btrfs filesystems
done.
Warning: fsck not present, so skipping root file system
[    5.357020] EXT4-fs (sda1): mounted filesystem with ordered data mode. Opts: (null)
done.
Begin: Running /scripts/local-bottom ... done.
Begin: Running /scripts/init-bottom ... done.
[    5.488269] systemd[1]: systemd 229 running in system mode. (+PAM +AUDIT +SELINUX +IMA +APPARMOR +SMACK +SYSVINIT +UTMP +LIBCRYPTSETUP +GCRYPT +GNUTLS +ACL +XZ -LZ4 +SECCOMP +BLKID +ELFUTILS +KMOD -IDN)
[    5.494626] systemd[1]: Detected virtualization oracle.
[    5.496613] systemd[1]: Detected architecture x86-64.

Welcome to [1mUbuntu 16.04.6 LTS[0m!

[    5.501609] systemd[1]: Set hostname to <ubuntu>.
[    5.505849] systemd[1]: Initializing machine ID from random generator.
[    5.508198] systemd[1]: Installed transient /etc/machine-id file.
[    5.688474] systemd[1]: Listening on Journal Socket (/dev/log).
[[0;32m  OK  [0m] Listening on Journal Socket (/dev/log).
[    5.691616] systemd[1]: Listening on udev Control Socket.
[[0;32m  OK  [0m] Listening on udev Control Socket.
[    5.700682] systemd[1]: Created slice System Slice.
[[0;32m  OK  [0m] Created slice System Slice.
[    5.703929] systemd[1]: Set up automount Arbitrary Executable File Formats File System Automount Point.
[[0;32m  OK  [0m] Set up automount Arbitrary Executab...ats File System Automount Point.
[    5.715931] systemd[1]: Reached target Encrypted Volumes.
[[0;32m  OK  [0m] Reached target Encrypted Volumes.
[    5.723705] systemd[1]: Reached target User and Group Name Lookups.
[[0;32m  OK  [0m] Reached target User and Group Name Lookups.
[    5.727571] systemd[1]: Created slice User and Session Slice.
[[0;32m  OK  [0m] Created slice User and Session Slice.
[    5.730702] systemd[1]: Reached target Slices.
[[0;32m  OK  [0m] Reached target Slices.
[    5.733401] systemd[1]: Reached target Swap.
[[0;32m  OK  [0m] Reached target Swap.
[    5.735999] systemd[1]: Listening on Syslog Socket.
[[0;32m  OK  [0m] Listening on Syslog Socket.
[    5.744232] systemd[1]: Listening on udev Kernel Socket.
[[0;32m  OK  [0m] Listening on udev Kernel Socket.
[    5.747091] systemd[1]: Listening on LVM2 metadata daemon socket.
[[0;32m  OK  [0m] Listening on LVM2 metadata daemon socket.
[    5.755944] systemd[1]: Listening on Device-mapper event daemon FIFOs.
[[0;32m  OK  [0m] Listening on Device-mapper event daemon FIFOs.
[    5.759282] systemd[1]: Listening on Journal Audit Socket.
[[0;32m  OK  [0m] Listening on Journal Audit Socket.
[    5.767672] systemd[1]: Started Forward Password Requests to Wall Directory Watch.
[[0;32m  OK  [0m] Started Forward Password Requests to Wall Directory Watch.
[    5.771724] systemd[1]: Reached target System Time Synchronized.
[[0;32m  OK  [0m] Reached target System Time Synchronized.
[    5.780377] systemd[1]: Started Trigger resolvconf update for networkd DNS.
[[0;32m  OK  [0m] Started Trigger resolvconf update for networkd DNS.
[    5.784421] systemd[1]: Created slice system-serial\x2dgetty.slice.
[[0;32m  OK  [0m] Created slice system-serial\x2dgetty.slice.
[    5.795968] systemd[1]: Listening on /dev/initctl Compatibility Named Pipe.
[[0;32m  OK  [0m] Listening on /dev/initctl Compatibility Named Pipe.
[    5.807681] systemd[1]: Listening on LVM2 poll daemon socket.
[[0;32m  OK  [0m] Listening on LVM2 poll daemon socket.
[    5.810799] systemd[1]: Listening on Journal Socket.
[[0;32m  OK  [0m] Listening on Journal Socket.
[    5.824163] systemd[1]: Mounting Debug File System...
         Mounting Debug File System...
[    5.827807] systemd[1]: Mounting POSIX Message Queue File System...
         Mounting POSIX Message Queue File System...
[    5.832747] systemd[1]: Starting Nameserver information manager...
         Starting Nameserver information manager...
[    5.844650] systemd[1]: Starting Monitoring of LVM2 mirrors, snapshots etc. using dmeventd or progress polling...
         Starting Monitoring of LVM2 mirrors... dmeventd or progress polling...
[    5.850838] systemd[1]: Starting Remount Root and Kernel File Systems...
         Starting Remount Root and Kernel File Systems...
[    5.856123] systemd[1]: Starting Journal Service...
[    5.858029] EXT4-fs (sda1): re-mounted. Opts: (null)
         Starting Journal Service...
[    5.861723] systemd[1]: Mounting Huge Pages File System...
         Mounting Huge Pages File System...
[    5.867678] systemd[1]: Starting Set console keymap...
         Starting Set console keymap...
[    5.885676] systemd[1]: Starting Uncomplicated firewall...
         Starting Uncomplicated firewall...
[    5.889953] systemd[1]: Starting Create list of required static device nodes for the current kernel...
         Starting Create list of required st... nodes for the current kernel...
[    5.909478] systemd[1]: Starting Load Kernel Modules...
         Starting Load Kernel Modules...
[    5.915020] systemd[1]: Mounted Huge Pages File System.
[[0;32m  OK  [0m] Mounted Huge Pages File System.
[    5.918565] systemd[1]: Mounted Debug File System.
[[0;32m  OK  [0m] Mounted Debug File System.
[    5.922716] systemd[1]: Mounted POSIX Message Queue File System.
[    5.925306] Loading iSCSI transport class v2.0-870.
[[0;32m  OK  [0m] Mounted POSIX Message Queue File System.
[    5.928998] systemd[1]: Started Remount Root and Kernel File Systems.
[[0;32m  OK  [0m] Started Remount Root and Kernel File Systems.
[    5.944266] systemd[1]: Started Uncomplicated firewall.
[[0;32m  OK  [0m] Started Uncomplicated firewa[    5.946849] iscsi: registered transport (tcp)
ll.
[    5.949658] systemd[1]: Started Create list of required static device nodes for the current kernel.
[[0;32m  OK  [0m] Started Create list of required sta...ce nodes for the current kernel.
[    5.989170] systemd[1]: Started Nameserver information manager.
[[0;32m  OK  [0m] Started Nameserver information manager.
[    5.996884] systemd[1]: Started Journal Service.
[[0;32m  OK  [0m] Started Journal Service.
[    6.003519] iscsi: registered transport (iser)
[[0;32m  OK  [0m] Started LVM2 metadata daemon.
         Starting Create Static Device Nodes in /dev...
         Starting Load/Save Random Seed...
         Starting udev Coldplug all Devices...
         Starting Flush Journal to Persistent Storage...
[[0;32m  OK  [0m] Started Load Kernel Modules.
[[0;32m  OK  [0m] Started Load/Save Random Seed.
[[0;32m  OK  [0m] Started Create Static Device Nodes in /dev.
         Starting udev Kernel Device Manager...
         Starting Apply Kernel Variables...
         Mounting FUSE Control File System...
[[0;32m  OK  [0m] Mounted FUSE Control File System.
[    6.078660] systemd-journald[382]: Received request to flush runtime journal from PID 1
[[0;32m  OK  [0m] Started Flush Journal to Persistent Storage.
[[0;32m  OK  [0m] Started Apply Kernel Variables.
[[0;32m  OK  [0m] Started Set console keymap.
[[0;32m  OK  [0m] Started udev Kernel Device Manager.
[[0;32m  OK  [0m] Started udev Coldplug all Devices.
[[0;32m  OK  [0m] Started Dispatch Password Requests to Console Directory Watch.
[[0;32m  OK  [0m] Found device /dev/ttyS0.
[[0;32m  OK  [0m] Listening on Load/Save RF Kill Switch Status /dev/rfkill Watch.
[[0;32m  OK  [0m] Started Monitoring of LVM2 mirrors,...ng dmeventd or progress polling.
[[0;32m  OK  [0m] Reached target Local File Systems (Pre).
[[0;32m  OK  [0m] Reached target Local File Systems.
         Starting Tell Plymouth To Write Out Runtime Data...
         Starting Commit a transient machine-id on disk...
         Starting Create Volatile Files and Directories...
         Starting Initial cloud-init job (pre-networking)...
         Starting Set console font and keymap...
         Starting LSB: AppArmor initialization...
[[0;32m  OK  [0m] Started Tell Plymouth To Write Out Runtime Data.
[[0;32m  OK  [0m] Started Commit a transient machine-id on disk.
[[0;32m  OK  [0m] Started Create Volatile Files and Directories.
         Starting Update UTMP about System Boot/Shutdown...
[[0;32m  OK  [0m] Started Update UTMP about System Boot/Shutdown.
[    9.052971] cloud-init[619]: Cloud-init v. 19.4-33-gbb4131a2-0ubuntu1~16.04.1 running 'init-local' at Tue, 07 Apr 2020 14:53:20 +0000. Up 8.36 seconds.
[[0;32m  OK  [0m] Started Set console font and keymap.
[[0;32m  OK  [0m] Created slice system-getty.slice.
[[0;32m  OK  [0m] Started Initial cloud-init job (pre-networking).
[[0;32m  OK  [0m] Reached target Network (Pre).
[[0;32m  OK  [0m] Started LSB: AppArmor initialization.
         Starting Raise network interfaces...
[[0;32m  OK  [0m] Started Raise network interfaces.
         Starting Initial cloud-init job (metadata service crawler)...
[[0;32m  OK  [0m] Reached target Network.
[   11.945363] cloud-init[953]: Cloud-init v. 19.4-33-gbb4131a2-0ubuntu1~16.04.1 running 'init' at Tue, 07 Apr 2020 14:53:23 +0000. Up 10.82 seconds.
[   11.947517] cloud-init[953]: ci-info: ++++++++++++++++++++++++++++++++++++++Net device info++++++++++++++++++++++++++++++++++++++
[   11.949084] cloud-init[953]: ci-info: +--------+------+----------------------------+---------------+--------+-------------------+
[   11.956501] cloud-init[953]: ci-info: | Device |  Up  |          Address           |      Mask     | Scope  |     Hw-Address    |
[   11.958379] cloud-init[953]: ci-info: +--------+------+----------------------------+---------------+--------+-------------------+
[   11.960290] cloud-init[953]: ci-info: | enp0s3 | True |         10.0.2.15          | 255.255.255.0 | global | 02:85:ff:9d:c0:81 |
[   11.968838] cloud-init[953]: ci-info: | enp0s3 | True | fe80::85:ffff:fe9d:c081/64 |       .       |  link  | 02:85:ff:9d:c0:81 |
[   11.970489] cloud-init[953]: ci-info: |   lo   | True |         127.0.0.1          |   255.0.0.0   |  host  |         .         |
[   11.972418] cloud-init[953]: ci-info: |   lo   | True |          ::1/128           |       .       |  host  |         .         |
[   11.974364] cloud-init[953]: ci-info: +--------+------+----------------------------+---------------+--------+-------------------+
[   11.976198] cloud-init[953]: ci-info: +++++++++++++++++++++++++++Route IPv4 info++++++++++++++++++++++++++++
[   11.977659] cloud-init[953]: ci-info: +-------+-------------+----------+---------------+-----------+-------+
[   11.979129] cloud-init[953]: ci-info: | Route | Destination | Gateway  |    Genmask    | Interface | Flags |
[   11.988529] cloud-init[953]: ci-info: +-------+-------------+----------+---------------+-----------+-------+
[   11.990293] cloud-init[953]: ci-info: |   0   |   0.0.0.0   | 10.0.2.2 |    0.0.0.0    |   enp0s3  |   UG  |
[   11.992108] cloud-init[953]: ci-info: |   1   |   10.0.2.0  | 0.0.0.0  | 255.255.255.0 |   enp0s3  |   U   |
[   11.993705] cloud-init[953]: ci-info: +-------+-------------+----------+---------------+-----------+-------+
[   11.995374] cloud-init[953]: ci-info: +++++++++++++++++++Route IPv6 info+++++++++++++++++++
[   11.996707] cloud-init[953]: ci-info: +-------+-------------+---------+-----------+-------+
[   12.004430] [[0;32m  OK  [0m] Started Initial cloud-init job (metadata service crawler).
[[0;32m  OK  [0m] Reached target Network is Online.
cloud-init[953]: ci-info: | Route | Destination | Gateway | Interface | Flags |
[   12.006948] cloud-init[953]: ci-info: +-------+-------------+---------+-----------+-------+
[   12.008419] cloud-init[953]: ci-info: |   0   |  fe80::/64  |    ::   |   enp0s3  |   U   |
[   12.009870] cloud-init[953]: ci-info: |   3   |   ff00::/8  |    ::   |   enp0s3  |   U   |
[   12.011187] cloud-init[953]: ci-info: +-------+-------------+---------+-----------+-------+
[   12.012595]          Starting iSCSI initiator daemon (iscsid)...
[[0;32m  OK  [0m] Reached target System Initialization.
[[0;32m  OK  [0m] Started Daily apt download activities.
[[0;32m  OK  [0m] Listening on ACPID Listen Socket.
cloud-init[953]: Generating public/private rsa key pair.
[   12.015680] cloud-init[953]: Your identification has been saved in /etc/ssh/ssh_host_rsa_key.
[   12.017960]          Starting LXD - unix socket.
[[0;32m  OK  [0m] Listening on D-Bus System Message Bus Socket.
cloud-init[953]: Your public key has been saved in /etc/ssh/ssh_host_rsa_key.pub.
[   12.024442] [[0;32m  OK  [0m] Started ACPI Events Check.
[[0;32m  OK  [0m] Reached target Paths.
[[0;32m  OK  [0m] Started Message of the Day.
[[0;32m  OK  [0m] Started Daily apt upgrade and clean activities.
[[0;32m  OK  [0m] Started Daily Cleanup of Temporary Directories.
cloud-init[953]: The key fingerprint is:
[[0;32m  OK  [0m] Reached target Timers.
[[0;32m  OK  [0m] Listening on UUID daemon activation socket.
         Starting Socket activation for snappy daemon.
[[0;32m  OK  [0m] Reached target Cloud-config availability.
[[0;32m  OK  [0m] Listening on LXD - unix socket.
[   12.031388] cloud-init[953]: SHA256:g68k/PjduBH3VAg1Fje5QWlGlnpa0FjdM+PPTpOlHH4 root@ubuntu-xenial
[[0;32m  OK  [0m] Listening on Socket activation for snappy daemon.
[   12.036791] [[0;32m  OK  [0m] Reached target Sockets.
[[0;32m  OK  [0m] Reached target Basic System.
cloud-init[953]: The key's randomart image is:
[   12.040530] cloud-init[953]: +---[RSA 2048]----+
[   12.041981] cloud-init[953]: |          ..=BB=.|
         Starting LSB: Record successful boot for GRUB...
[   12.043335]          Starting Accounts Service...
         Starting /etc/rc.local Compatibility...
         Starting LXD - container startup/shutdown...
[[0;32m  OK  [0m] Started FUSE filesystem for LXC.
         Starting Pollinate to seed the pseudo random number generator...
         Starting System Logging Service...
cloud-init[953]: |           oo=O=o|
[[0;32m  OK  [0m] Started Regular background program processing daemon.
         Starting Virtualbox guest utils...
         Starting LSB: MD monitoring daemon...
[[0;32m  OK  [0m] Started ACPI event daemon.
         Starting Login Service...
[[0;32m  OK  [0m] Started D-Bus System Message Bus.
[   12.058595] cloud-init[953]: |            .=oo+|
[   12.089172] cloud-init[953]: |       .    ..=..|
[   12.090828] cloud-init[953]: |      . S . .* ++|
[   12.092329] cloud-init[953]: |   .   . + o. +oE|
[   12.097425] cloud-init[953]: |    o . o   .  +.|
[   12.098837] cloud-init[953]: |     = o +      .|
[   12.102782] cloud-init[953]: |    ..+ +..      |
[   12.104464] cloud-init[953]: +----[SHA256]-----+
[   12.106403] cloud-init[953]: Generating public/private dsa key pair.
[   12.107659] cloud-init[953]: Your identification has been saved in /etc/ssh/ssh_host_dsa_key.
[   12.109203] cloud-init[953]: Your public key has been saved in /etc/ssh/ssh_host_dsa_key.pub.
[   12.110875] cloud-init[953]: The key fingerprint is:
[   12.117001] cloud-init[953]: SHA256:YYxOeiY7v/1oARVBYHtYpiEzdii137EDs2/JRg3sfR4 root@ubuntu-xenial
[   12.118671] cloud-init[953]: The key's randomart image is:
[   12.120011] cloud-init[953]: +---[DSA 1024]----+
[   12.121888] cloud-init[953]: |   .*.=o*o       |
[   12.123026] cloud-init[953]: |  ...B @.        |
[   12.124278] cloud-init[953]: |   .. O.O        |
[   12.125229] cloud-init[953]: |     =.O B       |
[   12.126789] cloud-init[953]: |    o *.S o E    |
[[0;32m  OK  [0m] Started Deferred execution scheduler.
[   12.137758] cloud-init[953]: |     = +.o o .   |
[   12.153251] cloud-init[953]: |    o   *.  .    |
[   12.154139] cloud-init[953]: |     o +..       |
[   12.155576]          Starting Snappy daemon...
cloud-init[953]: |      ooo..      |
[   12.156990] cloud-init[[0;32m  OK  [0m] Started System Logging Service.
[[0;32m  OK  [0m] Started iSCSI initiator daemon (iscsid).
[953]: +----[SHA256]-----+
[[0;32m  OK  [0m] Started /etc/rc.local Compatibility.
[   12.159238] cloud-init[953]: Generating public/private ecdsa key pair.
[   12.168410] cloud-init[953]: Your identification has been saved in /etc/ssh/ssh_host_ecdsa_key.
[   12.171480] cloud-init[953]: Your public key has been saved in /etc/ssh/ssh_host_ecdsa_key.pub.
[   12.174390] cloud-init[953]: The key fingerprint is:
[   12.176521] cloud-init[953]: SHA256:swkrv58ZVq3IcIuORWcLKak6iqLAdzGDx9NhfNkvl7A root@ubuntu-xenial
[   12.188623] cloud-init[953]: The key's randomart image is:
[   12.198365] cloud-init[953]: +---[ECDSA 256]---+
[   12.211592] cloud-init[953]: |                 |
[   12.213286] cloud-init[953]: |      .   o      |
[   12.215601] cloud-init[953]: |       + o o     |
[   12.236248]          Starting Authenticate and Authorize Users to Run Privileged Tasks...
         Starting Login to default iSCSI targets...
cloud-init[953]: |    o.o.o  .+ .  |
[[0;32m  OK  [0m] Started LSB: Record successful boot for GRUB.
[[0;32m  OK  [0m] Started LXD - container startup/shutdown.
[[0;32m  OK  [0m] Started Login Service.
[   12.243375] cloud-init[953]: |   .oB*.S .E.+   |
[   12.300096] cloud-init[953]: |.  ..o=@ O .o    |
[   12.301255] cloud-init[953]: |......+ X .      |
[   12.302807] cloud-init[953]: |=.. .* . +       |
[   12.304647] cloud-init[953]: |O.  . +o+        |
[   12.306739] cloud-init[953]: +----[SHA256]-----+
[   12.325121] [[0;32m  OK  [0m] Started Unattended Upgrades Shutdown.
cloud-init[953]: Generating public/private ed25519 key pair.
[   12.327379] cloud-init[953]: Your identification has been saved in /etc/ssh/ssh_host_ed25519_key.
[   12.329536] [[0;32m  OK  [0m] Started LSB: MD monitoring daemon.
cloud-init[953]: Your public key has been saved in /etc/ssh/ssh_host_ed25519_key.pub.
[   12.345631] cloud-init[953]: The key fingerprint is:
[   12.347383] cloud-init[[0;32m  OK  [0m] Started Authenticate and Authorize Users to Run Privileged Tasks.
[953]: SHA256:pKj9DQm8XFF0LwIotYJDu6/QqagVnyeCvqWMd6nrEIQ root@ubuntu-xenial
[   12.377303] cloud-init[953]: The key's randomart image is:
[   12.378796] cloud-init[953]: +--[ED25519 256]--+
[   12.381216] cloud-init[953]: | . .....o .      |
[   12.383026] cloud-init[953]: |o.o .. o . .     |
[   12.396578] [[0;32m  OK  [0m] Started Login to default iSCSI targets.
[[0;32m  OK  [0m] Started Accounts Service.
[[0;32m  OK  [0m] Reached target Remote File Systems (Pre).
[[0;32m  OK  [0m] Reached target Remote File Systems.
cloud-init[953]: |Eo... . o . .    |
[   12.410475] cloud-init[953]: |...o . + . .     |
         Starting LSB: daemon to balance interrupts for SMP systems...
[   12.411982]          Starting LSB: Set the CPU Frequency Scaling governor to "ondemand"...
         Starting Permit User Sessions...
         Starting LSB: automatic crash report generation...
cloud-init[953]: |... + o S        |
[[0;32m  OK  [0m] Started Permit User Sessions.
[   12.426314] cloud-init[953]: | +.B = .         |
[   12.440752] cloud-init[953]: |+ *oB.+          |
[   12.442319] cloud-init[953]: |*+=.o+ o         |
         Starting Hold until boot process finishes up...
         Starting Terminate Plymouth Boot Screen...
[[0;32m  OK  [0m] Started Virtualbox guest utils.
[[0;32m  OK  [0m] Started Hold until boot process finishes up.
[   12.482352] cloud-init[953]: |*O=+  . .        |
[   12.500593] cloud-init[953]: +----[SHA256]-----+
[[0;32m  OK  [0m] Started Terminate Plymouth Boot Screen.
         Starting Set console scheme...
[[0;32m  OK  [0m] Started Getty on tty1.
[[0;32m  OK  [0m] Started Serial Getty on ttyS0.
[[0;32m  OK  [0m] Reached target Login Prompts.
[[0;32m  OK  [0m] Started LSB: daemon to balance interrupts for SMP systems.
[[0;32m  OK  [0m] Started Set console scheme.
[[0;32m  OK  [0m] Started LSB: Set the CPU Frequency Scaling governor to "ondemand".
[[0;32m  OK  [0m] Started LSB: automatic crash report generation.
[[0;32m  OK  [0m] Started Snappy daemon.
         Starting Wait until snapd is fully seeded...
[[0;32m  OK  [0m] Started Pollinate to seed the pseudo random number generator.
         Starting OpenBSD Secure Shell server...
[[0;32m  OK  [0m] Started OpenBSD Secure Shell server.
[[0;32m  OK  [0m] Created slice User Slice of vagrant.
         Starting User Manager for UID 1000...
[[0;32m  OK  [0m] Started Session 1 of user vagrant.
[[0;32m  OK  [0m] Started User Manager for UID 1000.

Ubuntu 16.04.6 LTS ubuntu-xenial ttyS0

ubuntu-xenial login: [   20.630859] cloud-init[1583]: Generating locales (this might take a while)...
[   22.337600] cloud-init[1583]:   en_US.UTF-8... done
[   22.338254] cloud-init[1583]: Generation complete.
[   22.763044] cloud-init[1583]: Cloud-init v. 19.4-33-gbb4131a2-0ubuntu1~16.04.1 running 'modules:config' at Tue, 07 Apr 2020 14:53:32 +0000. Up 20.43 seconds.
ci-info: no authorized SSH keys fingerprints found for user ubuntu.
<14>Apr  7 14:53:35 ec2: 
<14>Apr  7 14:53:35 ec2: #############################################################
<14>Apr  7 14:53:35 ec2: -----BEGIN SSH HOST KEY FINGERPRINTS-----
<14>Apr  7 14:53:35 ec2: 1024 SHA256:YYxOeiY7v/1oARVBYHtYpiEzdii137EDs2/JRg3sfR4 root@ubuntu-xenial (DSA)
<14>Apr  7 14:53:35 ec2: 256 SHA256:swkrv58ZVq3IcIuORWcLKak6iqLAdzGDx9NhfNkvl7A root@ubuntu-xenial (ECDSA)
<14>Apr  7 14:53:35 ec2: 256 SHA256:pKj9DQm8XFF0LwIotYJDu6/QqagVnyeCvqWMd6nrEIQ root@ubuntu-xenial (ED25519)
<14>Apr  7 14:53:35 ec2: 2048 SHA256:g68k/PjduBH3VAg1Fje5QWlGlnpa0FjdM+PPTpOlHH4 root@ubuntu-xenial (RSA)
<14>Apr  7 14:53:35 ec2: -----END SSH HOST KEY FINGERPRINTS-----
<14>Apr  7 14:53:35 ec2: #############################################################
-----BEGIN SSH HOST KEY KEYS-----
ecdsa-sha2-nistp256 AAAAE2VjZHNhLXNoYTItbmlzdHAyNTYAAAAIbmlzdHAyNTYAAABBBFOpvtTusCyOlHQWc6JZ9zOd3qEMZ/da06JPZPqzcmqi3BHLal+yzh5H0gNOD58ScoHtS6EHvLfGElFyTbZwGQo= root@ubuntu-xenial
ssh-ed25519 AAAAC3NzaC1lZDI1NTE5AAAAIK7P5Jn6XYiADrVzL5RvUcMBCjPQE+jOBLa72Rkup5ae root@ubuntu-xenial
ssh-rsa AAAAB3NzaC1yc2EAAAADAQABAAABAQDcGVUHlzwmaEYOhna36KwqFZgc7nWMudSFn5XFTFtmitlPrpspMPosWmKUcErzvdSIiCPu3/LjXGLW5NQGL1mBtKWsSQ3Q5uWGTR2Q1J2SiaSXduvoM5C/rotEfkFzJDaAVft/tIJRqg7MEJH2P7slumF9P5i2EZaBl/8Rqc7NURmVyxzfSDCJSIjUlfgnCFzlV5Mt0mpsMeMjevBTlPbgyIzicuC2Kocy9NQnaJLcNd8PEdzDJjGPrYoSMkuWbbmPVlnjYKvm74WNcYkugKxi2OXyX5K5nP1qFm7k0JSJPTAtC3L2PJpelnM/YtP8tPEJuEtCiw7btkoh4NdRZ6i5 root@ubuntu-xenial
-----END SSH HOST KEY KEYS-----
[   23.685098] cloud-init[1751]: Cloud-init v. 19.4-33-gbb4131a2-0ubuntu1~16.04.1 running 'modules:final' at Tue, 07 Apr 2020 14:53:35 +0000. Up 23.42 seconds.
[   23.685336] cloud-init[1751]: ci-info: no authorized SSH keys fingerprints found for user ubuntu.
[   23.685945] cloud-init[1751]: Cloud-init v. 19.4-33-gbb4131a2-0ubuntu1~16.04.1 finished at Tue, 07 Apr 2020 14:53:35 +0000. Datasource DataSourceNoCloud [seed=/dev/sdb][dsmode=net].  Up 23.67 seconds
